<?xml version="1.0" encoding="UTF-8"?>
<testng-results skipped="0" failed="0" ignored="0" total="1" passed="1">
  <reporter-output>
  </reporter-output>
  <suite name="pack.NewTest" duration-ms="5128" started-at="2019-03-08T05:17:26Z" finished-at="2019-03-08T05:17:31Z">
    <groups>
    </groups>
    <test name="Command line test" duration-ms="5128" started-at="2019-03-08T05:17:26Z" finished-at="2019-03-08T05:17:31Z">
      <class name="pack.NewTest">
        <test-method status="PASS" signature="f()[pri:0, instance:pack.NewTest@5b464ce8]" name="f" duration-ms="5085" started-at="2019-03-08T05:17:26Z" finished-at="2019-03-08T05:17:31Z">
          <reporter-output>
          </reporter-output>
        </test-method> <!-- f -->
      </class> <!-- pack.NewTest -->
    </test> <!-- Command line test -->
  </suite> <!-- pack.NewTest -->
</testng-results>
